<?xml version="1.0" encoding="UTF-8"?>
<!-- Generated by org.testng.reporters.JUnitReportReporter -->
<testsuite hostname="DESKTOP-NPEG0BV" failures="0" tests="1" name="testing.CheckoutOverviewValidation" time="3.151" errors="0" timestamp="2024-07-08T15:55:12 EEST" skipped="0">
  <testcase classname="testing.CheckoutOverviewValidation" name="testCheckoutOverviewValidation" time="3.151"/>
</testsuite> <!-- testing.CheckoutOverviewValidation -->
